<?xml version="1.0" encoding="UTF-8" ?>
<testsuite errors="36" failures="0" hostname="linuxlite-desktop" name="net.sourceforge.tess4j.TessAPI1Test" skipped="0" tests="18" time="0.48" timestamp="2020-02-24T18:25:38">
  <properties>
[...]
</properties>
  <testcase classname="net.sourceforge.tess4j.TessAPI1Test" name="testTessBaseAPIAnalyseLayout" time="0.099">
    <error message="Error looking up function &apos;TessBaseAPIDumpPGM&apos;: /usr/lib/x86_64-linux-gnu/libtesseract.so.5: undefined symbol: TessBaseAPIDumpPGM" type="java.lang.UnsatisfiedLinkError">java.lang.UnsatisfiedLinkError: Error looking up function &apos;TessBaseAPIDumpPGM&apos;: /usr/lib/x86_64-linux-gnu/libtesseract.so.5: undefined symbol: TessBaseAPIDumpPGM
	at com.sun.jna.Function.&lt;init&gt;(Function.java:208)
	at com.sun.jna.NativeLibrary.getFunction(NativeLibrary.java:536)
	at com.sun.jna.NativeLibrary.getFunction(NativeLibrary.java:513)
	at com.sun.jna.NativeLibrary.getFunction(NativeLibrary.java:499)
	at com.sun.jna.Native.register(Native.java:1509)
	at com.sun.jna.Native.register(Native.java:1396)
	at com.sun.jna.Native.register(Native.java:1156)
	at net.sourceforge.tess4j.TessAPI1.&lt;clinit&gt;(Unknown Source)
	at net.sourceforge.tess4j.TessAPI1Test.setUp(TessAPI1Test.java:85)
	at java.base/jdk.internal.reflect.NativeMethodAccessorImpl.invoke0(Native Method)
	at java.base/jdk.internal.reflect.NativeMethodAccessorImpl.invoke(NativeMethodAccessorImpl.java:62)
	at java.base/jdk.internal.reflect.DelegatingMethodAccessorImpl.invoke(DelegatingMethodAccessorImpl.java:43)
</error>
    <error message="Could not initialize class net.sourceforge.tess4j.TessAPI1" type="java.lang.NoClassDefFoundError">java.lang.NoClassDefFoundError: Could not initialize class net.sourceforge.tess4j.TessAPI1
	at net.sourceforge.tess4j.TessAPI1Test.tearDown(TessAPI1Test.java:90)
	at java.base/jdk.internal.reflect.NativeMethodAccessorImpl.invoke0(Native Method)
	at java.base/jdk.internal.reflect.NativeMethodAccessorImpl.invoke(NativeMethodAccessorImpl.java:62)
	at java.base/jdk.internal.reflect.DelegatingMethodAccessorImpl.invoke(DelegatingMethodAccessorImpl.java:43)
</error>
  </testcase>
  <testcase classname="net.sourceforge.tess4j.TessAPI1Test" name="testChoiceIterator" time="0.003">
    <error message="Could not initialize class net.sourceforge.tess4j.TessAPI1" type="java.lang.NoClassDefFoundError">java.lang.NoClassDefFoundError: Could not initialize class net.sourceforge.tess4j.TessAPI1
	at net.sourceforge.tess4j.TessAPI1Test.setUp(TessAPI1Test.java:85)
	at java.base/jdk.internal.reflect.NativeMethodAccessorImpl.invoke0(Native Method)
	at java.base/jdk.internal.reflect.NativeMethodAccessorImpl.invoke(NativeMethodAccessorImpl.java:62)
	at java.base/jdk.internal.reflect.DelegatingMethodAccessorImpl.invoke(DelegatingMethodAccessorImpl.java:43)
</error>
    <error message="Could not initialize class net.sourceforge.tess4j.TessAPI1" type="java.lang.NoClassDefFoundError">java.lang.NoClassDefFoundError: Could not initialize class net.sourceforge.tess4j.TessAPI1
	at net.sourceforge.tess4j.TessAPI1Test.tearDown(TessAPI1Test.java:90)
	at java.base/jdk.internal.reflect.NativeMethodAccessorImpl.invoke0(Native Method)
	at java.base/jdk.internal.reflect.NativeMethodAccessorImpl.invoke(NativeMethodAccessorImpl.java:62)
	at java.base/jdk.internal.reflect.DelegatingMethodAccessorImpl.invoke(DelegatingMethodAccessorImpl.java:43)
</error>
  </testcase>
  <testcase classname="net.sourceforge.tess4j.TessAPI1Test" name="testTessBaseAPIGetUTF8Text" time="0.002">
    <error message="Could not initialize class net.sourceforge.tess4j.TessAPI1" type="java.lang.NoClassDefFoundError">java.lang.NoClassDefFoundError: Could not initialize class net.sourceforge.tess4j.TessAPI1
	at net.sourceforge.tess4j.TessAPI1Test.setUp(TessAPI1Test.java:85)
	at java.base/jdk.internal.reflect.NativeMethodAccessorImpl.invoke0(Native Method)
	at java.base/jdk.internal.reflect.NativeMethodAccessorImpl.invoke(NativeMethodAccessorImpl.java:62)
	at java.base/jdk.internal.reflect.DelegatingMethodAccessorImpl.invoke(DelegatingMethodAccessorImpl.java:43)
</error>
    <error message="Could not initialize class net.sourceforge.tess4j.TessAPI1" type="java.lang.NoClassDefFoundError">java.lang.NoClassDefFoundError: Could not initialize class net.sourceforge.tess4j.TessAPI1
	at net.sourceforge.tess4j.TessAPI1Test.tearDown(TessAPI1Test.java:90)
	at java.base/jdk.internal.reflect.NativeMethodAccessorImpl.invoke0(Native Method)
	at java.base/jdk.internal.reflect.NativeMethodAccessorImpl.invoke(NativeMethodAccessorImpl.java:62)
	at java.base/jdk.internal.reflect.DelegatingMethodAccessorImpl.invoke(DelegatingMethodAccessorImpl.java:43)
</error>
  </testcase>
  <testcase classname="net.sourceforge.tess4j.TessAPI1Test" name="testOSD" time="0.022">
    <error message="Could not initialize class net.sourceforge.tess4j.TessAPI1" type="java.lang.NoClassDefFoundError">java.lang.NoClassDefFoundError: Could not initialize class net.sourceforge.tess4j.TessAPI1
	at net.sourceforge.tess4j.TessAPI1Test.setUp(TessAPI1Test.java:85)
	at java.base/jdk.internal.reflect.NativeMethodAccessorImpl.invoke0(Native Method)
	at java.base/jdk.internal.reflect.NativeMethodAccessorImpl.invoke(NativeMethodAccessorImpl.java:62)
	at java.base/jdk.internal.reflect.DelegatingMethodAccessorImpl.invoke(DelegatingMethodAccessorImpl.java:43)
</error>
    <error message="Could not initialize class net.sourceforge.tess4j.TessAPI1" type="java.lang.NoClassDefFoundError">java.lang.NoClassDefFoundError: Could not initialize class net.sourceforge.tess4j.TessAPI1
	at net.sourceforge.tess4j.TessAPI1Test.tearDown(TessAPI1Test.java:90)
	at java.base/jdk.internal.reflect.NativeMethodAccessorImpl.invoke0(Native Method)
	at java.base/jdk.internal.reflect.NativeMethodAccessorImpl.invoke(NativeMethodAccessorImpl.java:62)
	at java.base/jdk.internal.reflect.DelegatingMethodAccessorImpl.invoke(DelegatingMethodAccessorImpl.java:43)
</error>
  </testcase>
  <testcase classname="net.sourceforge.tess4j.TessAPI1Test" name="testTessBaseAPIGetUTF8Text_Pix" time="0.004">
    <error message="Could not initialize class net.sourceforge.tess4j.TessAPI1" type="java.lang.NoClassDefFoundError">java.lang.NoClassDefFoundError: Could not initialize class net.sourceforge.tess4j.TessAPI1
	at net.sourceforge.tess4j.TessAPI1Test.setUp(TessAPI1Test.java:85)
	at java.base/jdk.internal.reflect.NativeMethodAccessorImpl.invoke0(Native Method)
	at java.base/jdk.internal.reflect.NativeMethodAccessorImpl.invoke(NativeMethodAccessorImpl.java:62)
	at java.base/jdk.internal.reflect.DelegatingMethodAccessorImpl.invoke(DelegatingMethodAccessorImpl.java:43)
</error>
    <error message="Could not initialize class net.sourceforge.tess4j.TessAPI1" type="java.lang.NoClassDefFoundError">java.lang.NoClassDefFoundError: Could not initialize class net.sourceforge.tess4j.TessAPI1
	at net.sourceforge.tess4j.TessAPI1Test.tearDown(TessAPI1Test.java:90)
	at java.base/jdk.internal.reflect.NativeMethodAccessorImpl.invoke0(Native Method)
	at java.base/jdk.internal.reflect.NativeMethodAccessorImpl.invoke(NativeMethodAccessorImpl.java:62)
	at java.base/jdk.internal.reflect.DelegatingMethodAccessorImpl.invoke(DelegatingMethodAccessorImpl.java:43)
</error>
  </testcase>
  <testcase classname="net.sourceforge.tess4j.TessAPI1Test" name="testTessBaseAPIGetInitLanguagesAsString" time="0.003">
    <error message="Could not initialize class net.sourceforge.tess4j.TessAPI1" type="java.lang.NoClassDefFoundError">java.lang.NoClassDefFoundError: Could not initialize class net.sourceforge.tess4j.TessAPI1
	at net.sourceforge.tess4j.TessAPI1Test.setUp(TessAPI1Test.java:85)
	at java.base/jdk.internal.reflect.NativeMethodAccessorImpl.invoke0(Native Method)
	at java.base/jdk.internal.reflect.NativeMethodAccessorImpl.invoke(NativeMethodAccessorImpl.java:62)
	at java.base/jdk.internal.reflect.DelegatingMethodAccessorImpl.invoke(DelegatingMethodAccessorImpl.java:43)
</error>
    <error message="Could not initialize class net.sourceforge.tess4j.TessAPI1" type="java.lang.NoClassDefFoundError">java.lang.NoClassDefFoundError: Could not initialize class net.sourceforge.tess4j.TessAPI1
	at net.sourceforge.tess4j.TessAPI1Test.tearDown(TessAPI1Test.java:90)
	at java.base/jdk.internal.reflect.NativeMethodAccessorImpl.invoke0(Native Method)
	at java.base/jdk.internal.reflect.NativeMethodAccessorImpl.invoke(NativeMethodAccessorImpl.java:62)
	at java.base/jdk.internal.reflect.DelegatingMethodAccessorImpl.invoke(DelegatingMethodAccessorImpl.java:43)
</error>
  </testcase>
  <testcase classname="net.sourceforge.tess4j.TessAPI1Test" name="testTessBaseAPIGetComponentImages" time="0.003">
    <error message="Could not initialize class net.sourceforge.tess4j.TessAPI1" type="java.lang.NoClassDefFoundError">java.lang.NoClassDefFoundError: Could not initialize class net.sourceforge.tess4j.TessAPI1
	at net.sourceforge.tess4j.TessAPI1Test.setUp(TessAPI1Test.java:85)
	at java.base/jdk.internal.reflect.NativeMethodAccessorImpl.invoke0(Native Method)
	at java.base/jdk.internal.reflect.NativeMethodAccessorImpl.invoke(NativeMethodAccessorImpl.java:62)
	at java.base/jdk.internal.reflect.DelegatingMethodAccessorImpl.invoke(DelegatingMethodAccessorImpl.java:43)
</error>
    <error message="Could not initialize class net.sourceforge.tess4j.TessAPI1" type="java.lang.NoClassDefFoundError">java.lang.NoClassDefFoundError: Could not initialize class net.sourceforge.tess4j.TessAPI1
	at net.sourceforge.tess4j.TessAPI1Test.tearDown(TessAPI1Test.java:90)
	at java.base/jdk.internal.reflect.NativeMethodAccessorImpl.invoke0(Native Method)
	at java.base/jdk.internal.reflect.NativeMethodAccessorImpl.invoke(NativeMethodAccessorImpl.java:62)
	at java.base/jdk.internal.reflect.DelegatingMethodAccessorImpl.invoke(DelegatingMethodAccessorImpl.java:43)
</error>
  </testcase>
  <testcase classname="net.sourceforge.tess4j.TessAPI1Test" name="testTessBaseAPIRect" time="0.004">
    <error message="Could not initialize class net.sourceforge.tess4j.TessAPI1" type="java.lang.NoClassDefFoundError">java.lang.NoClassDefFoundError: Could not initialize class net.sourceforge.tess4j.TessAPI1
	at net.sourceforge.tess4j.TessAPI1Test.setUp(TessAPI1Test.java:85)
	at java.base/jdk.internal.reflect.NativeMethodAccessorImpl.invoke0(Native Method)
	at java.base/jdk.internal.reflect.NativeMethodAccessorImpl.invoke(NativeMethodAccessorImpl.java:62)
	at java.base/jdk.internal.reflect.DelegatingMethodAccessorImpl.invoke(DelegatingMethodAccessorImpl.java:43)
</error>
    <error message="Could not initialize class net.sourceforge.tess4j.TessAPI1" type="java.lang.NoClassDefFoundError">java.lang.NoClassDefFoundError: Could not initialize class net.sourceforge.tess4j.TessAPI1
	at net.sourceforge.tess4j.TessAPI1Test.tearDown(TessAPI1Test.java:90)
	at java.base/jdk.internal.reflect.NativeMethodAccessorImpl.invoke0(Native Method)
	at java.base/jdk.internal.reflect.NativeMethodAccessorImpl.invoke(NativeMethodAccessorImpl.java:62)
	at java.base/jdk.internal.reflect.DelegatingMethodAccessorImpl.invoke(DelegatingMethodAccessorImpl.java:43)
</error>
  </testcase>
  <testcase classname="net.sourceforge.tess4j.TessAPI1Test" name="testTessBaseAPIGetBoolVariable" time="0.003">
    <error message="Could not initialize class net.sourceforge.tess4j.TessAPI1" type="java.lang.NoClassDefFoundError">java.lang.NoClassDefFoundError: Could not initialize class net.sourceforge.tess4j.TessAPI1
	at net.sourceforge.tess4j.TessAPI1Test.setUp(TessAPI1Test.java:85)
	at java.base/jdk.internal.reflect.NativeMethodAccessorImpl.invoke0(Native Method)
	at java.base/jdk.internal.reflect.NativeMethodAccessorImpl.invoke(NativeMethodAccessorImpl.java:62)
	at java.base/jdk.internal.reflect.DelegatingMethodAccessorImpl.invoke(DelegatingMethodAccessorImpl.java:43)
</error>
    <error message="Could not initialize class net.sourceforge.tess4j.TessAPI1" type="java.lang.NoClassDefFoundError">java.lang.NoClassDefFoundError: Could not initialize class net.sourceforge.tess4j.TessAPI1
	at net.sourceforge.tess4j.TessAPI1Test.tearDown(TessAPI1Test.java:90)
	at java.base/jdk.internal.reflect.NativeMethodAccessorImpl.invoke0(Native Method)
	at java.base/jdk.internal.reflect.NativeMethodAccessorImpl.invoke(NativeMethodAccessorImpl.java:62)
	at java.base/jdk.internal.reflect.DelegatingMethodAccessorImpl.invoke(DelegatingMethodAccessorImpl.java:43)
</error>
  </testcase>
  <testcase classname="net.sourceforge.tess4j.TessAPI1Test" name="testTessBaseAPIPrintVariablesToFile" time="0.002">
    <error message="Could not initialize class net.sourceforge.tess4j.TessAPI1" type="java.lang.NoClassDefFoundError">java.lang.NoClassDefFoundError: Could not initialize class net.sourceforge.tess4j.TessAPI1
	at net.sourceforge.tess4j.TessAPI1Test.setUp(TessAPI1Test.java:85)
	at java.base/jdk.internal.reflect.NativeMethodAccessorImpl.invoke0(Native Method)
	at java.base/jdk.internal.reflect.NativeMethodAccessorImpl.invoke(NativeMethodAccessorImpl.java:62)
	at java.base/jdk.internal.reflect.DelegatingMethodAccessorImpl.invoke(DelegatingMethodAccessorImpl.java:43)
</error>
    <error message="Could not initialize class net.sourceforge.tess4j.TessAPI1" type="java.lang.NoClassDefFoundError">java.lang.NoClassDefFoundError: Could not initialize class net.sourceforge.tess4j.TessAPI1
	at net.sourceforge.tess4j.TessAPI1Test.tearDown(TessAPI1Test.java:90)
	at java.base/jdk.internal.reflect.NativeMethodAccessorImpl.invoke0(Native Method)
	at java.base/jdk.internal.reflect.NativeMethodAccessorImpl.invoke(NativeMethodAccessorImpl.java:62)
	at java.base/jdk.internal.reflect.DelegatingMethodAccessorImpl.invoke(DelegatingMethodAccessorImpl.java:43)
</error>
  </testcase>
  <testcase classname="net.sourceforge.tess4j.TessAPI1Test" name="testResultRenderer" time="0.003">
    <error message="Could not initialize class net.sourceforge.tess4j.TessAPI1" type="java.lang.NoClassDefFoundError">java.lang.NoClassDefFoundError: Could not initialize class net.sourceforge.tess4j.TessAPI1
	at net.sourceforge.tess4j.TessAPI1Test.setUp(TessAPI1Test.java:85)
	at java.base/jdk.internal.reflect.NativeMethodAccessorImpl.invoke0(Native Method)
	at java.base/jdk.internal.reflect.NativeMethodAccessorImpl.invoke(NativeMethodAccessorImpl.java:62)
	at java.base/jdk.internal.reflect.DelegatingMethodAccessorImpl.invoke(DelegatingMethodAccessorImpl.java:43)
</error>
    <error message="Could not initialize class net.sourceforge.tess4j.TessAPI1" type="java.lang.NoClassDefFoundError">java.lang.NoClassDefFoundError: Could not initialize class net.sourceforge.tess4j.TessAPI1
	at net.sourceforge.tess4j.TessAPI1Test.tearDown(TessAPI1Test.java:90)
	at java.base/jdk.internal.reflect.NativeMethodAccessorImpl.invoke0(Native Method)
	at java.base/jdk.internal.reflect.NativeMethodAccessorImpl.invoke(NativeMethodAccessorImpl.java:62)
	at java.base/jdk.internal.reflect.DelegatingMethodAccessorImpl.invoke(DelegatingMethodAccessorImpl.java:43)
</error>
  </testcase>
  <testcase classname="net.sourceforge.tess4j.TessAPI1Test" name="testTessBaseAPIInit4" time="0.003">
    <error message="Could not initialize class net.sourceforge.tess4j.TessAPI1" type="java.lang.NoClassDefFoundError">java.lang.NoClassDefFoundError: Could not initialize class net.sourceforge.tess4j.TessAPI1
	at net.sourceforge.tess4j.TessAPI1Test.setUp(TessAPI1Test.java:85)
	at java.base/jdk.internal.reflect.NativeMethodAccessorImpl.invoke0(Native Method)
	at java.base/jdk.internal.reflect.NativeMethodAccessorImpl.invoke(NativeMethodAccessorImpl.java:62)
	at java.base/jdk.internal.reflect.DelegatingMethodAccessorImpl.invoke(DelegatingMethodAccessorImpl.java:43)
</error>
    <error message="Could not initialize class net.sourceforge.tess4j.TessAPI1" type="java.lang.NoClassDefFoundError">java.lang.NoClassDefFoundError: Could not initialize class net.sourceforge.tess4j.TessAPI1
	at net.sourceforge.tess4j.TessAPI1Test.tearDown(TessAPI1Test.java:90)
	at java.base/jdk.internal.reflect.NativeMethodAccessorImpl.invoke0(Native Method)
	at java.base/jdk.internal.reflect.NativeMethodAccessorImpl.invoke(NativeMethodAccessorImpl.java:62)
	at java.base/jdk.internal.reflect.DelegatingMethodAccessorImpl.invoke(DelegatingMethodAccessorImpl.java:43)
</error>
  </testcase>
  <testcase classname="net.sourceforge.tess4j.TessAPI1Test" name="testTessBaseAPIGetLoadedLanguagesAsVector" time="0.002">
    <error message="Could not initialize class net.sourceforge.tess4j.TessAPI1" type="java.lang.NoClassDefFoundError">java.lang.NoClassDefFoundError: Could not initialize class net.sourceforge.tess4j.TessAPI1
	at net.sourceforge.tess4j.TessAPI1Test.setUp(TessAPI1Test.java:85)
	at java.base/jdk.internal.reflect.NativeMethodAccessorImpl.invoke0(Native Method)
	at java.base/jdk.internal.reflect.NativeMethodAccessorImpl.invoke(NativeMethodAccessorImpl.java:62)
	at java.base/jdk.internal.reflect.DelegatingMethodAccessorImpl.invoke(DelegatingMethodAccessorImpl.java:43)
</error>
    <error message="Could not initialize class net.sourceforge.tess4j.TessAPI1" type="java.lang.NoClassDefFoundError">java.lang.NoClassDefFoundError: Could not initialize class net.sourceforge.tess4j.TessAPI1
	at net.sourceforge.tess4j.TessAPI1Test.tearDown(TessAPI1Test.java:90)
	at java.base/jdk.internal.reflect.NativeMethodAccessorImpl.invoke0(Native Method)
	at java.base/jdk.internal.reflect.NativeMethodAccessorImpl.invoke(NativeMethodAccessorImpl.java:62)
	at java.base/jdk.internal.reflect.DelegatingMethodAccessorImpl.invoke(DelegatingMethodAccessorImpl.java:43)
</error>
  </testcase>
  <testcase classname="net.sourceforge.tess4j.TessAPI1Test" name="testTessBaseAPIDetectOrientationScript" time="0.002">
    <error message="Could not initialize class net.sourceforge.tess4j.TessAPI1" type="java.lang.NoClassDefFoundError">java.lang.NoClassDefFoundError: Could not initialize class net.sourceforge.tess4j.TessAPI1
	at net.sourceforge.tess4j.TessAPI1Test.setUp(TessAPI1Test.java:85)
	at java.base/jdk.internal.reflect.NativeMethodAccessorImpl.invoke0(Native Method)
	at java.base/jdk.internal.reflect.NativeMethodAccessorImpl.invoke(NativeMethodAccessorImpl.java:62)
	at java.base/jdk.internal.reflect.DelegatingMethodAccessorImpl.invoke(DelegatingMethodAccessorImpl.java:43)
</error>
    <error message="Could not initialize class net.sourceforge.tess4j.TessAPI1" type="java.lang.NoClassDefFoundError">java.lang.NoClassDefFoundError: Could not initialize class net.sourceforge.tess4j.TessAPI1
	at net.sourceforge.tess4j.TessAPI1Test.tearDown(TessAPI1Test.java:90)
	at java.base/jdk.internal.reflect.NativeMethodAccessorImpl.invoke0(Native Method)
	at java.base/jdk.internal.reflect.NativeMethodAccessorImpl.invoke(NativeMethodAccessorImpl.java:62)
	at java.base/jdk.internal.reflect.DelegatingMethodAccessorImpl.invoke(DelegatingMethodAccessorImpl.java:43)
</error>
  </testcase>
  <testcase classname="net.sourceforge.tess4j.TessAPI1Test" name="testTessBaseAPIGetAvailableLanguagesAsVector" time="0.002">
    <error message="Could not initialize class net.sourceforge.tess4j.TessAPI1" type="java.lang.NoClassDefFoundError">java.lang.NoClassDefFoundError: Could not initialize class net.sourceforge.tess4j.TessAPI1
	at net.sourceforge.tess4j.TessAPI1Test.setUp(TessAPI1Test.java:85)
	at java.base/jdk.internal.reflect.NativeMethodAccessorImpl.invoke0(Native Method)
	at java.base/jdk.internal.reflect.NativeMethodAccessorImpl.invoke(NativeMethodAccessorImpl.java:62)
	at java.base/jdk.internal.reflect.DelegatingMethodAccessorImpl.invoke(DelegatingMethodAccessorImpl.java:43)
</error>
    <error message="Could not initialize class net.sourceforge.tess4j.TessAPI1" type="java.lang.NoClassDefFoundError">java.lang.NoClassDefFoundError: Could not initialize class net.sourceforge.tess4j.TessAPI1
	at net.sourceforge.tess4j.TessAPI1Test.tearDown(TessAPI1Test.java:90)
	at java.base/jdk.internal.reflect.NativeMethodAccessorImpl.invoke0(Native Method)
	at java.base/jdk.internal.reflect.NativeMethodAccessorImpl.invoke(NativeMethodAccessorImpl.java:62)
	at java.base/jdk.internal.reflect.DelegatingMethodAccessorImpl.invoke(DelegatingMethodAccessorImpl.java:43)
</error>
  </testcase>
  <testcase classname="net.sourceforge.tess4j.TessAPI1Test" name="testTessBaseAPIGetHOCRText" time="0.003">
    <error message="Could not initialize class net.sourceforge.tess4j.TessAPI1" type="java.lang.NoClassDefFoundError">java.lang.NoClassDefFoundError: Could not initialize class net.sourceforge.tess4j.TessAPI1
	at net.sourceforge.tess4j.TessAPI1Test.setUp(TessAPI1Test.java:85)
	at java.base/jdk.internal.reflect.NativeMethodAccessorImpl.invoke0(Native Method)
	at java.base/jdk.internal.reflect.NativeMethodAccessorImpl.invoke(NativeMethodAccessorImpl.java:62)
	at java.base/jdk.internal.reflect.DelegatingMethodAccessorImpl.invoke(DelegatingMethodAccessorImpl.java:43)
</error>
    <error message="Could not initialize class net.sourceforge.tess4j.TessAPI1" type="java.lang.NoClassDefFoundError">java.lang.NoClassDefFoundError: Could not initialize class net.sourceforge.tess4j.TessAPI1
	at net.sourceforge.tess4j.TessAPI1Test.tearDown(TessAPI1Test.java:90)
	at java.base/jdk.internal.reflect.NativeMethodAccessorImpl.invoke0(Native Method)
	at java.base/jdk.internal.reflect.NativeMethodAccessorImpl.invoke(NativeMethodAccessorImpl.java:62)
	at java.base/jdk.internal.reflect.DelegatingMethodAccessorImpl.invoke(DelegatingMethodAccessorImpl.java:43)
</error>
  </testcase>
  <testcase classname="net.sourceforge.tess4j.TessAPI1Test" name="testResultIterator" time="0.002">
    <error message="Could not initialize class net.sourceforge.tess4j.TessAPI1" type="java.lang.NoClassDefFoundError">java.lang.NoClassDefFoundError: Could not initialize class net.sourceforge.tess4j.TessAPI1
	at net.sourceforge.tess4j.TessAPI1Test.setUp(TessAPI1Test.java:85)
	at jdk.internal.reflect.GeneratedMethodAccessor1.invoke(Unknown Source)
	at java.base/jdk.internal.reflect.DelegatingMethodAccessorImpl.invoke(DelegatingMethodAccessorImpl.java:43)
</error>
    <error message="Could not initialize class net.sourceforge.tess4j.TessAPI1" type="java.lang.NoClassDefFoundError">java.lang.NoClassDefFoundError: Could not initialize class net.sourceforge.tess4j.TessAPI1
	at net.sourceforge.tess4j.TessAPI1Test.tearDown(TessAPI1Test.java:90)
	at jdk.internal.reflect.GeneratedMethodAccessor2.invoke(Unknown Source)
	at java.base/jdk.internal.reflect.DelegatingMethodAccessorImpl.invoke(DelegatingMethodAccessorImpl.java:43)
</error>
  </testcase>
  <testcase classname="net.sourceforge.tess4j.TessAPI1Test" name="testTessVersion" time="0.002">
    <error message="Could not initialize class net.sourceforge.tess4j.TessAPI1" type="java.lang.NoClassDefFoundError">java.lang.NoClassDefFoundError: Could not initialize class net.sourceforge.tess4j.TessAPI1
	at net.sourceforge.tess4j.TessAPI1Test.setUp(TessAPI1Test.java:85)
	at jdk.internal.reflect.GeneratedMethodAccessor1.invoke(Unknown Source)
	at java.base/jdk.internal.reflect.DelegatingMethodAccessorImpl.invoke(DelegatingMethodAccessorImpl.java:43)
</error>
    <error message="Could not initialize class net.sourceforge.tess4j.TessAPI1" type="java.lang.NoClassDefFoundError">java.lang.NoClassDefFoundError: Could not initialize class net.sourceforge.tess4j.TessAPI1
	at net.sourceforge.tess4j.TessAPI1Test.tearDown(TessAPI1Test.java:90)
	at jdk.internal.reflect.GeneratedMethodAccessor2.invoke(Unknown Source)
	at java.base/jdk.internal.reflect.DelegatingMethodAccessorImpl.invoke(DelegatingMethodAccessorImpl.java:43)
</error>
  </testcase>
  <system-out><![CDATA[]]></system-out>
  <system-err><![CDATA[]]></system-err>
</testsuite>
